<?xml version="1.0" encoding="UTF-8"?>
<testsuite xmlns:xsi="http://www.w3.org/2001/XMLSchema-instance" xsi:noNamespaceSchemaLocation="https://maven.apache.org/surefire/maven-surefire-plugin/xsd/surefire-test-report.xsd" name="ar.com.lauramon.entidadesTest.PersonaTest" time="4.612" tests="2" errors="0" skipped="0" failures="0">
  <properties>
[...]
</properties>
  <testcase name="agregarPersona" classname="ar.com.lauramon.entidadesTest.PersonaTest" time="4.209"/>
  <testcase name="obtenerPersonas" classname="ar.com.lauramon.entidadesTest.PersonaTest" time="0.216"/>
</testsuite>